[Sun Mar 15 12:13:09 PM EDT 2026] Starting schedule update for March 16-22, %Y and March 23-29, %Y
[Sun Mar 15 12:13:09 PM EDT 2026] Would fetch screenshot for next week at https://clients.mindbodyonline.com/classic/mainclass?studioid=2148&stype=-7&view=week&trn=100001042&date=03/16/2026 to /home/jarcadi/.openclaw/media/browser/next_week_2026-03-15_12-13-09.png
[Sun Mar 15 12:13:09 PM EDT 2026] Would fetch screenshot for following week at https://clients.mindbodyonline.com/classic/mainclass?studioid=2148&stype=-7&view=week&trn=100001042&date=03/23/2026 to /home/jarcadi/.openclaw/media/browser/following_week_2026-03-15_12-13-09.png
[Sun Mar 15 12:13:09 PM EDT 2026] Updating last modified timestamp in index.html
[Sun Mar 15 12:13:09 PM EDT 2026] Schedule, ICS, and timestamp update process initiated
[Mon Mar 16 02:00:04 AM EDT 2026] Starting schedule update for March 17-23, %Y and March 24-30, %Y
[Mon Mar 16 02:00:04 AM EDT 2026] Would fetch screenshot for next week at https://clients.mindbodyonline.com/classic/mainclass?studioid=2148&stype=-7&view=week&trn=100001042&date=03/17/2026 to /home/jarcadi/.openclaw/media/browser/next_week_2026-03-16_02-00-04.png
[Mon Mar 16 02:00:04 AM EDT 2026] Would fetch screenshot for following week at https://clients.mindbodyonline.com/classic/mainclass?studioid=2148&stype=-7&view=week&trn=100001042&date=03/24/2026 to /home/jarcadi/.openclaw/media/browser/following_week_2026-03-16_02-00-04.png
[Mon Mar 16 02:00:04 AM EDT 2026] Updating last modified timestamp in index.html
[Mon Mar 16 02:00:04 AM EDT 2026] Schedule, ICS, and timestamp update process initiated
[Tue Mar 17 02:00:04 AM EDT 2026] Starting schedule update for March 18-24, %Y and March 25-31, %Y
[Tue Mar 17 02:00:04 AM EDT 2026] Would fetch screenshot for next week at https://clients.mindbodyonline.com/classic/mainclass?studioid=2148&stype=-7&view=week&trn=100001042&date=03/18/2026 to /home/jarcadi/.openclaw/media/browser/next_week_2026-03-17_02-00-04.png
[Tue Mar 17 02:00:04 AM EDT 2026] Would fetch screenshot for following week at https://clients.mindbodyonline.com/classic/mainclass?studioid=2148&stype=-7&view=week&trn=100001042&date=03/25/2026 to /home/jarcadi/.openclaw/media/browser/following_week_2026-03-17_02-00-04.png
[Tue Mar 17 02:00:04 AM EDT 2026] Updating last modified timestamp in index.html
[Tue Mar 17 02:00:04 AM EDT 2026] Schedule, ICS, and timestamp update process initiated
[Wed Mar 18 02:00:04 AM EDT 2026] Starting schedule update for March 19-25, %Y and March 26-1, %Y
[Wed Mar 18 02:00:04 AM EDT 2026] Would fetch screenshot for next week at https://clients.mindbodyonline.com/classic/mainclass?studioid=2148&stype=-7&view=week&trn=100001042&date=03/19/2026 to /home/jarcadi/.openclaw/media/browser/next_week_2026-03-18_02-00-04.png
[Wed Mar 18 02:00:04 AM EDT 2026] Would fetch screenshot for following week at https://clients.mindbodyonline.com/classic/mainclass?studioid=2148&stype=-7&view=week&trn=100001042&date=03/26/2026 to /home/jarcadi/.openclaw/media/browser/following_week_2026-03-18_02-00-04.png
[Wed Mar 18 02:00:04 AM EDT 2026] Updating last modified timestamp in index.html
[Wed Mar 18 02:00:04 AM EDT 2026] Schedule, ICS, and timestamp update process initiated
[Thu Mar 19 02:00:05 AM EDT 2026] Starting schedule update for March 20-26, %Y and March 27-2, %Y
[Thu Mar 19 02:00:05 AM EDT 2026] Would fetch screenshot for next week at https://clients.mindbodyonline.com/classic/mainclass?studioid=2148&stype=-7&view=week&trn=100001042&date=03/20/2026 to /home/jarcadi/.openclaw/media/browser/next_week_2026-03-19_02-00-05.png
[Thu Mar 19 02:00:05 AM EDT 2026] Would fetch screenshot for following week at https://clients.mindbodyonline.com/classic/mainclass?studioid=2148&stype=-7&view=week&trn=100001042&date=03/27/2026 to /home/jarcadi/.openclaw/media/browser/following_week_2026-03-19_02-00-05.png
[Thu Mar 19 02:00:05 AM EDT 2026] Updating last modified timestamp in index.html
[Thu Mar 19 02:00:05 AM EDT 2026] Schedule, ICS, and timestamp update process initiated
[Fri Mar 20 02:00:29 AM EDT 2026] Starting schedule update for March 21-27, %Y and March 28-3, %Y
[Fri Mar 20 02:00:29 AM EDT 2026] Would fetch screenshot for next week at https://clients.mindbodyonline.com/classic/mainclass?studioid=2148&stype=-7&view=week&trn=100001042&date=03/21/2026 to /home/jarcadi/.openclaw/media/browser/next_week_2026-03-20_02-00-29.png
[Fri Mar 20 02:00:29 AM EDT 2026] Would fetch screenshot for following week at https://clients.mindbodyonline.com/classic/mainclass?studioid=2148&stype=-7&view=week&trn=100001042&date=03/28/2026 to /home/jarcadi/.openclaw/media/browser/following_week_2026-03-20_02-00-29.png
[Fri Mar 20 02:00:29 AM EDT 2026] Updating last modified timestamp in index.html
[Fri Mar 20 02:00:29 AM EDT 2026] Schedule, ICS, and timestamp update process initiated
[Sun Mar 22 02:00:03 AM EDT 2026] Starting schedule update for March 23-29, %Y and March 30-5, %Y
[Sun Mar 22 02:00:03 AM EDT 2026] Would fetch screenshot for next week at https://clients.mindbodyonline.com/classic/mainclass?studioid=2148&stype=-7&view=week&trn=100001042&date=03/23/2026 to /home/jarcadi/.openclaw/media/browser/next_week_2026-03-22_02-00-03.png
[Sun Mar 22 02:00:03 AM EDT 2026] Would fetch screenshot for following week at https://clients.mindbodyonline.com/classic/mainclass?studioid=2148&stype=-7&view=week&trn=100001042&date=03/30/2026 to /home/jarcadi/.openclaw/media/browser/following_week_2026-03-22_02-00-03.png
[Sun Mar 22 02:00:03 AM EDT 2026] Updating last modified timestamp in index.html
[Sun Mar 22 02:00:03 AM EDT 2026] Schedule, ICS, and timestamp update process initiated
[Mon Mar 23 02:00:03 AM EDT 2026] Starting schedule update for March 24-30, %Y and March 31-6, %Y
[Mon Mar 23 02:00:03 AM EDT 2026] Would fetch screenshot for next week at https://clients.mindbodyonline.com/classic/mainclass?studioid=2148&stype=-7&view=week&trn=100001042&date=03/24/2026 to /home/jarcadi/.openclaw/media/browser/next_week_2026-03-23_02-00-03.png
[Mon Mar 23 02:00:03 AM EDT 2026] Would fetch screenshot for following week at https://clients.mindbodyonline.com/classic/mainclass?studioid=2148&stype=-7&view=week&trn=100001042&date=03/31/2026 to /home/jarcadi/.openclaw/media/browser/following_week_2026-03-23_02-00-03.png
[Mon Mar 23 02:00:03 AM EDT 2026] Updating last modified timestamp in index.html
[Mon Mar 23 02:00:03 AM EDT 2026] Schedule, ICS, and timestamp update process initiated
[Tue Mar 24 02:00:10 AM EDT 2026] Starting schedule update for March 25-31, %Y and April 1-7, %Y
[Tue Mar 24 02:00:10 AM EDT 2026] Would fetch screenshot for next week at https://clients.mindbodyonline.com/classic/mainclass?studioid=2148&stype=-7&view=week&trn=100001042&date=03/25/2026 to /home/jarcadi/.openclaw/media/browser/next_week_2026-03-24_02-00-10.png
[Tue Mar 24 02:00:10 AM EDT 2026] Would fetch screenshot for following week at https://clients.mindbodyonline.com/classic/mainclass?studioid=2148&stype=-7&view=week&trn=100001042&date=04/01/2026 to /home/jarcadi/.openclaw/media/browser/following_week_2026-03-24_02-00-10.png
[Tue Mar 24 02:00:10 AM EDT 2026] Updating last modified timestamp in index.html
[Tue Mar 24 02:00:10 AM EDT 2026] Schedule, ICS, and timestamp update process initiated
[Wed Mar 25 02:00:09 AM EDT 2026] Starting schedule update for March 26-1, %Y and April 2-8, %Y
[Wed Mar 25 02:00:09 AM EDT 2026] Would fetch screenshot for next week at https://clients.mindbodyonline.com/classic/mainclass?studioid=2148&stype=-7&view=week&trn=100001042&date=03/26/2026 to /home/jarcadi/.openclaw/media/browser/next_week_2026-03-25_02-00-09.png
[Wed Mar 25 02:00:09 AM EDT 2026] Would fetch screenshot for following week at https://clients.mindbodyonline.com/classic/mainclass?studioid=2148&stype=-7&view=week&trn=100001042&date=04/02/2026 to /home/jarcadi/.openclaw/media/browser/following_week_2026-03-25_02-00-09.png
[Wed Mar 25 02:00:09 AM EDT 2026] Updating last modified timestamp in index.html
[Wed Mar 25 02:00:09 AM EDT 2026] Schedule, ICS, and timestamp update process initiated
[Thu Mar 26 02:00:11 AM EDT 2026] Starting schedule update for March 27-2, %Y and April 3-9, %Y
[Thu Mar 26 02:00:11 AM EDT 2026] Would fetch screenshot for next week at https://clients.mindbodyonline.com/classic/mainclass?studioid=2148&stype=-7&view=week&trn=100001042&date=03/27/2026 to /home/jarcadi/.openclaw/media/browser/next_week_2026-03-26_02-00-11.png
[Thu Mar 26 02:00:11 AM EDT 2026] Would fetch screenshot for following week at https://clients.mindbodyonline.com/classic/mainclass?studioid=2148&stype=-7&view=week&trn=100001042&date=04/03/2026 to /home/jarcadi/.openclaw/media/browser/following_week_2026-03-26_02-00-11.png
[Thu Mar 26 02:00:11 AM EDT 2026] Updating last modified timestamp in index.html
